\BOOKMARK [1][-]{section.1}{Introduction}{}% 1
\BOOKMARK [1][-]{section.2}{Related Work}{}% 2
\BOOKMARK [2][-]{subsection.2.1}{Human-Swarm Interaction}{section.2}% 3
\BOOKMARK [2][-]{subsection.2.2}{Global-control of micro- and nanorobots}{section.2}% 4
\BOOKMARK [1][-]{section.3}{Experimental Methods}{}% 5
\BOOKMARK [2][-]{subsubsection.3.0.1}{Overview}{section.3}% 6
\BOOKMARK [3][-]{subsubsection.3.0.2}{Backend}{subsubsection.3.0.1}% 7
\BOOKMARK [3][-]{subsubsection.3.0.3}{Frontend}{subsubsection.3.0.1}% 8
\BOOKMARK [2][-]{subsection.3.1}{Human subjects}{section.3}% 9
\BOOKMARK [2][-]{subsection.3.2}{Experimental costs}{section.3}% 10
\BOOKMARK [2][-]{subsection.3.3}{Instrumentation}{section.3}% 11
\BOOKMARK [1][-]{section.4}{Results}{}% 12
\BOOKMARK [2][-]{subsection.4.1}{Varying Number}{section.4}% 13
\BOOKMARK [2][-]{subsection.4.2}{Varying Control}{section.4}% 14
\BOOKMARK [2][-]{subsection.4.3}{Varying Visualization}{section.4}% 15
\BOOKMARK [2][-]{subsection.4.4}{Varying Noise}{section.4}% 16
\BOOKMARK [2][-]{subsection.4.5}{Position Control}{section.4}% 17
\BOOKMARK [1][-]{section.5}{Discussion}{}% 18
\BOOKMARK [2][-]{subsection.5.1}{Lessons learned: Beta-testing}{section.5}% 19
\BOOKMARK [3][-]{subsubsection.5.1.1}{Be accessible}{subsection.5.1}% 20
\BOOKMARK [3][-]{subsubsection.5.1.2}{Have simple instructions}{subsection.5.1}% 21
\BOOKMARK [3][-]{subsubsection.5.1.3}{Make the structure obvious}{subsection.5.1}% 22
\BOOKMARK [3][-]{subsubsection.5.1.4}{Respect participant time}{subsection.5.1}% 23
\BOOKMARK [3][-]{subsubsection.5.1.5}{Test multiple displays}{subsection.5.1}% 24
\BOOKMARK [2][-]{subsection.5.2}{Lessons learned: Live website}{section.5}% 25
\BOOKMARK [3][-]{subsubsection.5.2.1}{Mobile traffic}{subsection.5.2}% 26
\BOOKMARK [3][-]{subsubsection.5.2.2}{Bounce rates}{subsection.5.2}% 27
\BOOKMARK [1][-]{section.6}{Conclusion and Future Work}{}% 28
\BOOKMARK [1][-]{section.7}{Acknowledgements}{}% 29
\BOOKMARK [1][-]{section*.1}{References}{}% 30
