This is pdfTeX, Version 3.1415926-2.4-1.40.13 (TeX Live 2012) (format=pdflatex 2012.6.30)  14 FEB 2014 16:41
entering extended mode
 restricted \write18 enabled.
 file:line:error style messages enabled.
 %&-line parsing enabled.
**WebMassiveManipulate.tex
(./WebMassiveManipulate.tex
LaTeX2e <2011/06/27>
Babel <v3.8m> and hyphenation patterns for english, dumylang, nohyphenation, ge
rman-x-2012-05-30, ngerman-x-2012-05-30, afrikaans, ancientgreek, ibycus, arabi
c, armenian, basque, bulgarian, catalan, pinyin, coptic, croatian, czech, danis
h, dutch, ukenglish, usenglishmax, esperanto, estonian, ethiopic, farsi, finnis
h, french, friulan, galician, german, ngerman, swissgerman, monogreek, greek, h
ungarian, icelandic, assamese, bengali, gujarati, hindi, kannada, malayalam, ma
rathi, oriya, panjabi, tamil, telugu, indonesian, interlingua, irish, italian, 
kurmanji, latin, latvian, lithuanian, mongolian, mongolianlmc, bokmal, nynorsk,
 polish, portuguese, romanian, romansh, russian, sanskrit, serbian, serbianc, s
lovak, slovenian, spanish, swedish, turkish, turkmen, ukrainian, uppersorbian, 
welsh, loaded.
(./ieeeconf.cls
Document Class: ieeeconf 2004/1/15 revision V1.6b by Pradeep Misra
\@IEEEtrantmpdimenA=\dimen102
\@IEEEtrantmpdimenB=\dimen103
\@IEEEtrantmpcountA=\count79
\@IEEEtrantmpcountB=\count80
\@IEEEtrantmptoksA=\toks14
LaTeX Font Info:    Try loading font information for OT1+ptm on input line 792.

(/usr/local/texlive/2012/texmf-dist/tex/latex/psnfss/ot1ptm.fd
File: ot1ptm.fd 2001/06/04 font definitions for OT1/ptm.
)
\@IEEEnormalsizefontbaselineskip=\skip41

-- This is a 10 point document.
\normalsizebaselineskip=\skip42
\normaljot=\skip43
LaTeX Font Info:    Font shape `OT1/ptm/bx/n' in size <5> not available
(Font)              Font shape `OT1/ptm/b/n' tried instead on input line 1111.
LaTeX Font Info:    Font shape `OT1/ptm/bx/it' in size <5> not available
(Font)              Font shape `OT1/ptm/b/it' tried instead on input line 1111.

LaTeX Font Info:    Font shape `OT1/ptm/bx/n' in size <7> not available
(Font)              Font shape `OT1/ptm/b/n' tried instead on input line 1111.
LaTeX Font Info:    Font shape `OT1/ptm/bx/it' in size <7> not available
(Font)              Font shape `OT1/ptm/b/it' tried instead on input line 1111.

LaTeX Font Info:    Font shape `OT1/ptm/bx/n' in size <8> not available
(Font)              Font shape `OT1/ptm/b/n' tried instead on input line 1111.
LaTeX Font Info:    Font shape `OT1/ptm/bx/it' in size <8> not available
(Font)              Font shape `OT1/ptm/b/it' tried instead on input line 1111.

LaTeX Font Info:    Font shape `OT1/ptm/bx/n' in size <9> not available
(Font)              Font shape `OT1/ptm/b/n' tried instead on input line 1111.
LaTeX Font Info:    Font shape `OT1/ptm/bx/it' in size <9> not available
(Font)              Font shape `OT1/ptm/b/it' tried instead on input line 1111.

LaTeX Font Info:    Font shape `OT1/ptm/bx/n' in size <10> not available
(Font)              Font shape `OT1/ptm/b/n' tried instead on input line 1111.
LaTeX Font Info:    Font shape `OT1/ptm/bx/it' in size <10> not available
(Font)              Font shape `OT1/ptm/b/it' tried instead on input line 1111.

LaTeX Font Info:    Font shape `OT1/ptm/bx/n' in size <11> not available
(Font)              Font shape `OT1/ptm/b/n' tried instead on input line 1111.
LaTeX Font Info:    Font shape `OT1/ptm/bx/it' in size <11> not available
(Font)              Font shape `OT1/ptm/b/it' tried instead on input line 1111.

LaTeX Font Info:    Font shape `OT1/ptm/bx/n' in size <12> not available
(Font)              Font shape `OT1/ptm/b/n' tried instead on input line 1111.
LaTeX Font Info:    Font shape `OT1/ptm/bx/it' in size <12> not available
(Font)              Font shape `OT1/ptm/b/it' tried instead on input line 1111.

LaTeX Font Info:    Font shape `OT1/ptm/bx/n' in size <16> not available
(Font)              Font shape `OT1/ptm/b/n' tried instead on input line 1111.
LaTeX Font Info:    Font shape `OT1/ptm/bx/it' in size <16> not available
(Font)              Font shape `OT1/ptm/b/it' tried instead on input line 1111.

LaTeX Font Info:    Font shape `OT1/ptm/bx/n' in size <20> not available
(Font)              Font shape `OT1/ptm/b/n' tried instead on input line 1111.
LaTeX Font Info:    Font shape `OT1/ptm/bx/it' in size <20> not available
(Font)              Font shape `OT1/ptm/b/it' tried instead on input line 1111.

LaTeX Font Info:    Font shape `OT1/ptm/bx/n' in size <24> not available
(Font)              Font shape `OT1/ptm/b/n' tried instead on input line 1111.
LaTeX Font Info:    Font shape `OT1/ptm/bx/it' in size <24> not available
(Font)              Font shape `OT1/ptm/b/it' tried instead on input line 1111.

\IEEEilabelindentA=\dimen104
\IEEEilabelindentB=\dimen105
\IEEEilabelindent=\dimen106
\IEEEelabelindent=\dimen107
\IEEEdlabelindent=\dimen108
\labelindent=\dimen109
\IEEEiednormlabelsep=\dimen110
\IEEEiedmathlabelsep=\dimen111
\IEEEiedtopsep=\skip44
\c@section=\count81
\c@subsection=\count82
\c@subsubsection=\count83
\c@paragraph=\count84
\c@IEEEsubequation=\count85
\abovecaptionskip=\skip45
\belowcaptionskip=\skip46
\c@figure=\count86
\c@table=\count87
\@IEEEeqnnumcols=\count88
\@IEEEeqncolcnt=\count89
\@IEEEtmpitemindent=\dimen112
\c@biography=\count90
\@IEEEtranrubishbin=\box26
)
** ATTENTION: Overriding command lockouts (line 34).
(/usr/local/texlive/2012/texmf-dist/tex/latex/tools/calc.sty
Package: calc 2007/08/22 v4.3 Infix arithmetic (KKT,FJ)
\calc@Acount=\count91
\calc@Bcount=\count92
\calc@Adimen=\dimen113
\calc@Bdimen=\dimen114
\calc@Askip=\skip47
\calc@Bskip=\skip48
LaTeX Info: Redefining \setlength on input line 76.
LaTeX Info: Redefining \addtolength on input line 77.
\calc@Ccount=\count93
\calc@Cskip=\skip49
)
(/usr/local/texlive/2012/texmf-dist/tex/latex/url/url.sty
\Urlmuskip=\muskip10
Package: url 2006/04/12  ver 3.3  Verb mode for urls, etc.
)
(/usr/local/texlive/2012/texmf-dist/tex/latex/hyperref/hyperref.sty
Package: hyperref 2012/05/13 v6.82q Hypertext links for LaTeX

(/usr/local/texlive/2012/texmf-dist/tex/generic/oberdiek/hobsub-hyperref.sty
Package: hobsub-hyperref 2012/05/28 v1.13 Bundle oberdiek, subset hyperref (HO)


(/usr/local/texlive/2012/texmf-dist/tex/generic/oberdiek/hobsub-generic.sty
Package: hobsub-generic 2012/05/28 v1.13 Bundle oberdiek, subset generic (HO)
Package: hobsub 2012/05/28 v1.13 Construct package bundles (HO)
Package: infwarerr 2010/04/08 v1.3 Providing info/warning/error messages (HO)
Package: ltxcmds 2011/11/09 v1.22 LaTeX kernel commands for general use (HO)
Package: ifluatex 2010/03/01 v1.3 Provides the ifluatex switch (HO)
Package ifluatex Info: LuaTeX not detected.
Package: ifvtex 2010/03/01 v1.5 Detect VTeX and its facilities (HO)
Package ifvtex Info: VTeX not detected.
Package: intcalc 2007/09/27 v1.1 Expandable calculations with integers (HO)
Package: ifpdf 2011/01/30 v2.3 Provides the ifpdf switch (HO)
Package ifpdf Info: pdfTeX in PDF mode is detected.
Package: etexcmds 2011/02/16 v1.5 Avoid name clashes with e-TeX commands (HO)
Package etexcmds Info: Could not find \expanded.
(etexcmds)             That can mean that you are not using pdfTeX 1.50 or
(etexcmds)             that some package has redefined \expanded.
(etexcmds)             In the latter case, load this package earlier.
Package: kvsetkeys 2012/04/25 v1.16 Key value parser (HO)
Package: kvdefinekeys 2011/04/07 v1.3 Define keys (HO)
Package: pdftexcmds 2011/11/29 v0.20 Utility functions of pdfTeX for LuaTeX (HO
)
Package pdftexcmds Info: LuaTeX not detected.
Package pdftexcmds Info: \pdf@primitive is available.
Package pdftexcmds Info: \pdf@ifprimitive is available.
Package pdftexcmds Info: \pdfdraftmode found.
Package: pdfescape 2011/11/25 v1.13 Implements pdfTeX's escape features (HO)
Package: bigintcalc 2012/04/08 v1.3 Expandable calculations on big integers (HO
)
Package: bitset 2011/01/30 v1.1 Handle bit-vector datatype (HO)
Package: uniquecounter 2011/01/30 v1.2 Provide unlimited unique counter (HO)
)
Package hobsub Info: Skipping package `hobsub' (already loaded).
Package: letltxmacro 2010/09/02 v1.4 Let assignment for LaTeX macros (HO)
Package: hopatch 2012/05/28 v1.2 Wrapper for package hooks (HO)
Package: xcolor-patch 2011/01/30 xcolor patch
Package: atveryend 2011/06/30 v1.8 Hooks at the very end of document (HO)
Package atveryend Info: \enddocument detected (standard20110627).
Package: atbegshi 2011/10/05 v1.16 At begin shipout hook (HO)
Package: refcount 2011/10/16 v3.4 Data extraction from label references (HO)
Package: hycolor 2011/01/30 v1.7 Color options for hyperref/bookmark (HO)
)
(/usr/local/texlive/2012/texmf-dist/tex/latex/graphics/keyval.sty
Package: keyval 1999/03/16 v1.13 key=value parser (DPC)
\KV@toks@=\toks15
)
(/usr/local/texlive/2012/texmf-dist/tex/generic/ifxetex/ifxetex.sty
Package: ifxetex 2010/09/12 v0.6 Provides ifxetex conditional
)
(/usr/local/texlive/2012/texmf-dist/tex/latex/oberdiek/kvoptions.sty
Package: kvoptions 2011/06/30 v3.11 Key value format for package options (HO)
)
\@linkdim=\dimen115
\Hy@linkcounter=\count94
\Hy@pagecounter=\count95

(/usr/local/texlive/2012/texmf-dist/tex/latex/hyperref/pd1enc.def
File: pd1enc.def 2012/05/13 v6.82q Hyperref: PDFDocEncoding definition (HO)
)
\Hy@SavedSpaceFactor=\count96

(/usr/local/texlive/2012/texmf-dist/tex/latex/latexconfig/hyperref.cfg
File: hyperref.cfg 2002/06/06 v1.2 hyperref configuration of TeXLive
)
Package hyperref Info: Hyper figures OFF on input line 4062.
Package hyperref Info: Link nesting OFF on input line 4067.
Package hyperref Info: Hyper index ON on input line 4070.
Package hyperref Info: Plain pages OFF on input line 4077.
Package hyperref Info: Backreferencing OFF on input line 4082.
Package hyperref Info: Implicit mode ON; LaTeX internals redefined.
Package hyperref Info: Bookmarks ON on input line 4300.
\c@Hy@tempcnt=\count97
LaTeX Info: Redefining \url on input line 4653.
\Fld@menulength=\count98
\Field@Width=\dimen116
\Fld@charsize=\dimen117
Package hyperref Info: Hyper figures OFF on input line 5773.
Package hyperref Info: Link nesting OFF on input line 5778.
Package hyperref Info: Hyper index ON on input line 5781.
Package hyperref Info: backreferencing OFF on input line 5788.
Package hyperref Info: Link coloring OFF on input line 5793.
Package hyperref Info: Link coloring with OCG OFF on input line 5798.
Package hyperref Info: PDF/A mode OFF on input line 5803.
LaTeX Info: Redefining \ref on input line 5843.
LaTeX Info: Redefining \pageref on input line 5847.
\Hy@abspage=\count99
\c@Item=\count100
\c@Hfootnote=\count101
)

Package hyperref Message: Driver (autodetected): hpdftex.

(/usr/local/texlive/2012/texmf-dist/tex/latex/hyperref/hpdftex.def
File: hpdftex.def 2012/05/13 v6.82q Hyperref driver for pdfTeX
\Fld@listcount=\count102
\c@bookmark@seq@number=\count103

(/usr/local/texlive/2012/texmf-dist/tex/latex/oberdiek/rerunfilecheck.sty
Package: rerunfilecheck 2011/04/15 v1.7 Rerun checks for auxiliary files (HO)
Package uniquecounter Info: New unique counter `rerunfilecheck' on input line 2
82.
)
\Hy@SectionHShift=\skip50
)
Package hyperref Info: Option `colorlinks' set `true' on input line 44.

(/usr/local/texlive/2012/texmf-dist/tex/latex/graphics/graphicx.sty
Package: graphicx 1999/02/16 v1.0f Enhanced LaTeX Graphics (DPC,SPQR)

(/usr/local/texlive/2012/texmf-dist/tex/latex/graphics/graphics.sty
Package: graphics 2009/02/05 v1.0o Standard LaTeX Graphics (DPC,SPQR)

(/usr/local/texlive/2012/texmf-dist/tex/latex/graphics/trig.sty
Package: trig 1999/03/16 v1.09 sin cos tan (DPC)
)
(/usr/local/texlive/2012/texmf-dist/tex/latex/latexconfig/graphics.cfg
File: graphics.cfg 2010/04/23 v1.9 graphics configuration of TeX Live
)
Package graphics Info: Driver file: pdftex.def on input line 91.

(/usr/local/texlive/2012/texmf-dist/tex/latex/pdftex-def/pdftex.def
File: pdftex.def 2011/05/27 v0.06d Graphics/color for pdfTeX
\Gread@gobject=\count104
))
\Gin@req@height=\dimen118
\Gin@req@width=\dimen119
)
(/usr/local/texlive/2012/texmf-dist/tex/latex/amsmath/amsmath.sty
Package: amsmath 2000/07/18 v2.13 AMS math features
\@mathmargin=\skip51

For additional information on amsmath, use the `?' option.
(/usr/local/texlive/2012/texmf-dist/tex/latex/amsmath/amstext.sty
Package: amstext 2000/06/29 v2.01

(/usr/local/texlive/2012/texmf-dist/tex/latex/amsmath/amsgen.sty
File: amsgen.sty 1999/11/30 v2.0
\@emptytoks=\toks16
\ex@=\dimen120
))
(/usr/local/texlive/2012/texmf-dist/tex/latex/amsmath/amsbsy.sty
Package: amsbsy 1999/11/29 v1.2d
\pmbraise@=\dimen121
)
(/usr/local/texlive/2012/texmf-dist/tex/latex/amsmath/amsopn.sty
Package: amsopn 1999/12/14 v2.01 operator names
)
\inf@bad=\count105
LaTeX Info: Redefining \frac on input line 211.
\uproot@=\count106
\leftroot@=\count107
LaTeX Info: Redefining \overline on input line 307.
\classnum@=\count108
\DOTSCASE@=\count109
LaTeX Info: Redefining \ldots on input line 379.
LaTeX Info: Redefining \dots on input line 382.
LaTeX Info: Redefining \cdots on input line 467.
\Mathstrutbox@=\box27
\strutbox@=\box28
\big@size=\dimen122
LaTeX Font Info:    Redeclaring font encoding OML on input line 567.
LaTeX Font Info:    Redeclaring font encoding OMS on input line 568.
\macc@depth=\count110
\c@MaxMatrixCols=\count111
\dotsspace@=\muskip11
\c@parentequation=\count112
\dspbrk@lvl=\count113
\tag@help=\toks17
\row@=\count114
\column@=\count115
\maxfields@=\count116
\andhelp@=\toks18
\eqnshift@=\dimen123
\alignsep@=\dimen124
\tagshift@=\dimen125
\tagwidth@=\dimen126
\totwidth@=\dimen127
\lineht@=\dimen128
\@envbody=\toks19
\multlinegap=\skip52
\multlinetaggap=\skip53
\mathdisplay@stack=\toks20
LaTeX Info: Redefining \[ on input line 2666.
LaTeX Info: Redefining \] on input line 2667.
)
(/usr/local/texlive/2012/texmf-dist/tex/latex/amsfonts/amssymb.sty
Package: amssymb 2009/06/22 v3.00

(/usr/local/texlive/2012/texmf-dist/tex/latex/amsfonts/amsfonts.sty
Package: amsfonts 2009/06/22 v3.00 Basic AMSFonts support
\symAMSa=\mathgroup4
\symAMSb=\mathgroup5
LaTeX Font Info:    Overwriting math alphabet `\mathfrak' in version `bold'
(Font)                  U/euf/m/n --> U/euf/b/n on input line 96.
))
(/usr/local/texlive/2012/texmf-dist/tex/latex/rotating/rotating.sty
Package: rotating 2009/03/28 v2.16a rotated objects in LaTeX

(/usr/local/texlive/2012/texmf-dist/tex/latex/base/ifthen.sty
Package: ifthen 2001/05/26 v1.1c Standard LaTeX ifthen package (DPC)
)
\c@r@tfl@t=\count117
\rotFPtop=\skip54
\rotFPbot=\skip55
\rot@float@box=\box29
\rot@mess@toks=\toks21
)
(/usr/local/texlive/2012/texmf-dist/tex/latex/units/nicefrac.sty
Package: nicefrac 1998/08/04 v0.9b Nice fractions
\L@UnitsRaiseDisplaystyle=\skip56
\L@UnitsRaiseTextstyle=\skip57
\L@UnitsRaiseScriptstyle=\skip58
)
(/usr/local/texlive/2012/texmf-dist/tex/latex/cite/cite.sty
LaTeX Info: Redefining \cite on input line 302.
LaTeX Info: Redefining \nocite on input line 373.
Package: cite 2010/09/10  v 5.3
)
(/usr/local/texlive/2012/texmf-dist/tex/latex/subfig/subfig.sty
Package: subfig 2005/06/28 ver: 1.3 subfig package

(/usr/local/texlive/2012/texmf-dist/tex/latex/caption/caption3.sty
Package: caption3 2012/01/12 v1.4b caption3 kernel (AR)
\captionmargin=\dimen129
\captionmargin@=\dimen130
\captionwidth=\dimen131
\caption@indent=\dimen132
\caption@parindent=\dimen133
\caption@hangindent=\dimen134
Package caption Info: Unknown document class (or package),
(caption)             standard defaults will be used.
)
\c@KVtest=\count118
\sf@farskip=\skip59
\sf@captopadj=\dimen135
\sf@capskip=\skip60
\sf@nearskip=\skip61
\c@subfigure=\count119
\c@subfigure@save=\count120
\c@lofdepth=\count121
\c@subtable=\count122
\c@subtable@save=\count123
\c@lotdepth=\count124
\sf@top=\skip62
\sf@bottom=\skip63
)
(/usr/local/texlive/2012/texmf-dist/tex/latex/graphics/color.sty
Package: color 2005/11/14 v1.0j Standard LaTeX Color (DPC)

(/usr/local/texlive/2012/texmf-dist/tex/latex/latexconfig/color.cfg
File: color.cfg 2007/01/18 v1.5 color configuration of teTeX/TeXLive
)
Package color Info: Driver file: pdftex.def on input line 130.

(/usr/local/texlive/2012/texmf-dist/tex/latex/graphics/dvipsnam.def
File: dvipsnam.def 1999/02/16 v3.0i Driver-dependant file (DPC,SPQR)
))
(/usr/local/texlive/2012/texmf-dist/tex/latex/colortbl/colortbl.sty
Package: colortbl 2012/02/13 v1.0a Color table columns (DPC)

(/usr/local/texlive/2012/texmf-dist/tex/latex/tools/array.sty
Package: array 2008/09/09 v2.4c Tabular extension package (FMi)
\col@sep=\dimen136
\extrarowheight=\dimen137
\NC@list=\toks22
\extratabsurround=\skip64
\backup@length=\skip65
)
\everycr=\toks23
\minrowclearance=\skip66
)
(/usr/local/texlive/2012/texmf-dist/tex/latex/overpic/overpic.sty
Package: overpic 2010/09/13 v0.53  Overwriting graphics

Package: overpic v0.53 <2010/09/13> (RN)
(/usr/local/texlive/2012/texmf-dist/tex/latex/eepic/epic.sty
Enhancements to Picture Environment. Version 1.2 - Released June 1, 1986
\@@multicnt=\count125
\d@lta=\count126
\@delta=\dimen138
\@@delta=\dimen139
\@gridcnt=\count127
\@joinkind=\count128
\@dotgap=\dimen140
\@ddotgap=\dimen141
\@x@diff=\count129
\@y@diff=\count130
\x@diff=\dimen142
\y@diff=\dimen143
\@dotbox=\box30
\num@segments=\count131
\num@segmentsi=\count132
\@datafile=\read1
)
overpic: relative positioning in percent
) (/usr/local/texlive/2012/texmf-dist/tex/latex/mh/breqn.sty
(/usr/local/texlive/2012/texmf-dist/tex/latex/l3kernel/expl3.sty
(/usr/local/texlive/2012/texmf-dist/tex/latex/l3kernel/l3names.sty
(/usr/local/texlive/2012/texmf-dist/tex/latex/l3kernel/l3bootstrap.sty
Package: l3bootstrap 2011/12/29 v3110 L3 Experimental bootstrap code
)
Package: l3names 2012/03/04 v3494 L3 Experimental namespace for primitives
)
(/usr/local/texlive/2012/texmf-dist/tex/latex/etex-pkg/etex.sty
Package: etex 1998/03/26 v2.0 eTeX basic definition package (PEB)
\et@xins=\count133
)
Package: expl3 2012/04/23 v3570 L3 Experimental code bundle wrapper

(/usr/local/texlive/2012/texmf-dist/tex/latex/l3kernel/l3basics.sty
Package: l3basics 2012/03/04 v3491 L3 Experimental basic definitions
)
(/usr/local/texlive/2012/texmf-dist/tex/latex/l3kernel/l3expan.sty
Package: l3expan 2012/02/26 v3460 L3 Experimental argument expansion
)
(/usr/local/texlive/2012/texmf-dist/tex/latex/l3kernel/l3tl.sty
Package: l3tl 2012/03/04 v3490 L3 Experimental token lists
)
(/usr/local/texlive/2012/texmf-dist/tex/latex/l3kernel/l3seq.sty
Package: l3seq 2012/03/04 v3490 L3 Experimental sequences and stacks
)
(/usr/local/texlive/2012/texmf-dist/tex/latex/l3kernel/l3int.sty
Package: l3int 2012/03/04 v3490 L3 Experimental integers
\c_max_int=\count134
\l_tmpa_int=\count135
\l_tmpb_int=\count136
\l_tmpc_int=\count137
\g_tmpa_int=\count138
\g_tmpb_int=\count139
)
(/usr/local/texlive/2012/texmf-dist/tex/latex/l3kernel/l3quark.sty
Package: l3quark 2012/02/12 v3384 L3 Experimental quarks
)
(/usr/local/texlive/2012/texmf-dist/tex/latex/l3kernel/l3prg.sty
Package: l3prg 2012/03/04 v3490 L3 Experimental control structures
\g_prg_map_int=\count140
)
(/usr/local/texlive/2012/texmf-dist/tex/latex/l3kernel/l3clist.sty
Package: l3clist 2012/03/04 v3490 L3 Experimental comma separated lists
)
(/usr/local/texlive/2012/texmf-dist/tex/latex/l3kernel/l3token.sty
Package: l3token 2012/03/04 v3491 L3 Experimental token manipulation
)
(/usr/local/texlive/2012/texmf-dist/tex/latex/l3kernel/l3prop.sty
Package: l3prop 2012/03/04 v3490 L3 Experimental property lists
)
(/usr/local/texlive/2012/texmf-dist/tex/latex/l3kernel/l3msg.sty
Package: l3msg 2012/04/23 v3568 L3 Experimental messages
)
(/usr/local/texlive/2012/texmf-dist/tex/latex/l3kernel/l3file.sty
Package: l3file 2012/03/09 v3520 L3 Experimental file and I/O operations
\l_iow_stream_int=\count141
\l_iow_line_length_int=\count142
\l_iow_target_length_int=\count143
\l_iow_current_line_int=\count144
\l_iow_current_word_int=\count145
\l_iow_current_indentation_int=\count146
)
(/usr/local/texlive/2012/texmf-dist/tex/latex/l3kernel/l3skip.sty
Package: l3skip 2012/03/05 v3499 L3 Experimental dimensions and skips
\l_tmpa_dim=\dimen144
\l_tmpb_dim=\dimen145
\l_tmpc_dim=\dimen146
\g_tmpa_dim=\dimen147
\g_tmpb_dim=\dimen148
\l_tmpa_skip=\skip67
\l_tmpb_skip=\skip68
\l_tmpc_skip=\skip69
\g_tmpa_skip=\skip70
\g_tmpb_skip=\skip71
)
(/usr/local/texlive/2012/texmf-dist/tex/latex/l3kernel/l3keys.sty
Package: l3keys 2012/03/03 v3487 L3 Experimental key-value interfaces
\g_keyval_level_int=\count147
\l_keys_choice_int=\count148
)
(/usr/local/texlive/2012/texmf-dist/tex/latex/l3kernel/l3fp.sty
Package: l3fp 2012/03/04 v3490 L3 Experimental floating-point operations
\c_one_million=\count149
\c_one_hundred_million=\count150
\c_five_hundred_million=\count151
\c_one_thousand_million=\count152
\c_fp_pi_by_four_decimal_int=\count153
\c_fp_pi_by_four_extended_int=\count154
\c_fp_pi_decimal_int=\count155
\c_fp_pi_extended_int=\count156
\c_fp_two_pi_decimal_int=\count157
\c_fp_two_pi_extended_int=\count158
\l_fp_count_int=\count159
\l_fp_div_offset_int=\count160
\l_fp_exp_integer_int=\count161
\l_fp_exp_decimal_int=\count162
\l_fp_exp_extended_int=\count163
\l_fp_exp_exponent_int=\count164
\l_fp_input_a_sign_int=\count165
\l_fp_input_a_integer_int=\count166
\l_fp_input_a_decimal_int=\count167
\l_fp_input_a_exponent_int=\count168
\l_fp_input_b_sign_int=\count169
\l_fp_input_b_integer_int=\count170
\l_fp_input_b_decimal_int=\count171
\l_fp_input_b_exponent_int=\count172
\l_fp_input_a_extended_int=\count173
\l_fp_input_b_extended_int=\count174
\l_fp_mul_a_i_int=\count175
\l_fp_mul_a_ii_int=\count176
\l_fp_mul_a_iii_int=\count177
\l_fp_mul_a_iv_int=\count178
\l_fp_mul_a_v_int=\count179
\l_fp_mul_a_vi_int=\count180
\l_fp_mul_b_i_int=\count181
\l_fp_mul_b_ii_int=\count182
\l_fp_mul_b_iii_int=\count183
\l_fp_mul_b_iv_int=\count184
\l_fp_mul_b_v_int=\count185
\l_fp_mul_b_vi_int=\count186
\l_fp_mul_output_int=\count187
\l_fp_output_sign_int=\count188
\l_fp_output_integer_int=\count189
\l_fp_output_decimal_int=\count190
\l_fp_output_exponent_int=\count191
\l_fp_output_extended_int=\count192
\l_fp_round_position_int=\count193
\l_fp_round_target_int=\count194
\l_fp_split_sign_int=\count195
\l_fp_internal_int=\count196
\l_fp_trig_octant_int=\count197
\l_fp_trig_sign_int=\count198
\l_fp_trig_decimal_int=\count199
\l_fp_trig_extended_int=\count200
\l_fp_internal_dim=\dimen149
\l_fp_internal_skip=\skip72
)
(/usr/local/texlive/2012/texmf-dist/tex/latex/l3kernel/l3box.sty
Package: l3box 2012/03/04 v3490 L3 Experimental boxes
\l_tmpb_box=\box31
\l_box_top_dim=\dimen150
\l_box_bottom_dim=\dimen151
\l_box_left_dim=\dimen152
\l_box_right_dim=\dimen153
\l_box_top_new_dim=\dimen154
\l_box_bottom_new_dim=\dimen155
\l_box_left_new_dim=\dimen156
\l_box_right_new_dim=\dimen157
\l_box_internal_box=\box32
)
(/usr/local/texlive/2012/texmf-dist/tex/latex/l3kernel/l3coffins.sty
Package: l3coffins 2012/03/03 v3482 L3 Experimental coffin code layer
\l_coffin_internal_box=\box33
\l_coffin_internal_dim=\dimen158
\l_coffin_offset_x_dim=\dimen159
\l_coffin_offset_y_dim=\dimen160
\l_coffin_x_dim=\dimen161
\l_coffin_y_dim=\dimen162
\l_coffin_x_prime_dim=\dimen163
\l_coffin_y_prime_dim=\dimen164
\l_coffin_Depth_dim=\dimen165
\l_coffin_Height_dim=\dimen166
\l_coffin_TotalHeight_dim=\dimen167
\l_coffin_Width_dim=\dimen168
\c_empty_coffin=\box34
\l_coffin_aligned_coffin=\box35
\l_coffin_aligned_internal_coffin=\box36
\l_coffin_bounding_shift_dim=\dimen169
\l_coffin_left_corner_dim=\dimen170
\l_coffin_right_corner_dim=\dimen171
\l_coffin_bottom_corner_dim=\dimen172
\l_coffin_top_corner_dim=\dimen173
\l_coffin_scaled_total_height_dim=\dimen174
\l_coffin_scaled_width_dim=\dimen175
\l_coffin_display_coffin=\box37
\l_coffin_display_coord_coffin=\box38
\l_coffin_display_pole_coffin=\box39
\l_coffin_display_offset_dim=\dimen176
\l_coffin_display_x_dim=\dimen177
\l_coffin_display_y_dim=\dimen178
)
(/usr/local/texlive/2012/texmf-dist/tex/latex/l3kernel/l3color.sty
Package: l3color 2011/09/07 v2776 L3 Experimental colour support
)
(/usr/local/texlive/2012/texmf-dist/tex/latex/l3kernel/l3luatex.sty
Package: l3luatex 2012/02/09 v3355 L3 Experimental LuaTeX-specific functions
\g_cctab_allocate_int=\count201
Normal \count register pool exhausted, switching to extended pool.
\g_cctab_stack_int=\count277
))
Package: breqn 2012/05/10 v0.98b Breaking equations

(/usr/local/texlive/2012/texmf-dist/tex/latex/mh/flexisym.sty
Package: flexisym 2010/09/17 v0.97b Make math characters macros
LaTeX Info: Redefining \textprime on input line 296.
LaTeX Info: Redefining \not on input line 354.

(/usr/local/texlive/2012/texmf-dist/tex/latex/mh/cmbase.sym
File: cmbase.sym 2007/12/19 v0.92
LaTeX Info: Redefining \hbar on input line 323.
LaTeX Info: Redefining \surd on input line 325.
LaTeX Info: Redefining \angle on input line 333.
LaTeX Info: Redefining \neq on input line 334.
LaTeX Info: Redefining \mapsto on input line 335.
LaTeX Info: Redefining \cong on input line 336.
LaTeX Info: Redefining \notin on input line 339.
LaTeX Info: Redefining \rightleftharpoons on input line 340.
LaTeX Info: Redefining \doteq on input line 341.
LaTeX Info: Redefining \hookrightarrow on input line 342.
LaTeX Info: Redefining \hookleftarrow on input line 343.
LaTeX Info: Redefining \bowtie on input line 344.
LaTeX Info: Redefining \models on input line 345.
LaTeX Info: Redefining \Longrightarrow on input line 346.
LaTeX Info: Redefining \longrightarrow on input line 347.
LaTeX Info: Redefining \Longleftarrow on input line 348.
LaTeX Info: Redefining \longleftarrow on input line 349.
LaTeX Info: Redefining \longmapsto on input line 350.
LaTeX Info: Redefining \longleftrightarrow on input line 351.
LaTeX Info: Redefining \Longleftrightarrow on input line 352.
LaTeX Info: Redefining \cdots on input line 356.
LaTeX Info: Redefining \vdots on input line 359.
LaTeX Info: Redefining \ddots on input line 364.
)
(/usr/local/texlive/2012/texmf-dist/tex/latex/mh/mathstyle.sty
Package: mathstyle 2011/08/03 v0.90 Tracking mathstyle implicitly
LaTeX Info: Redefining \displaystyle on input line 81.
LaTeX Info: Redefining \textstyle on input line 83.
LaTeX Info: Redefining \scriptstyle on input line 85.
LaTeX Info: Redefining \scriptscriptstyle on input line 87.
LaTeX Info: Redefining \genfrac on input line 121.
))
\inf@bad=\count278
\maxint=\count279
\listwidth=\dimen179
\eqnumsep=\dimen180
\eqmargin=\dimen181
\eqlinespacing=\skip73
\eqlineskip=\skip74
\eqlineskiplimit=\dimen182
\eqbinoffset=\muskip12
\eqdelimoffset=\muskip13
\eqindentstep=\dimen183
\eqstyle=\toks24
\eqbreakdepth=\count280
\eqinterlinepenalty=\count281
\intereqpenalty=\count282
\intereqskip=\skip75
\prerelpenalty=\count283
\prebinoppenalty=\count284
\Dmedmuskip=\muskip14
\Dthickmuskip=\muskip15
\eqleftskip=\skip76
\eqrightskip=\skip77
\eq@vspan=\skip78
\eq@binoffset=\muskip16
\EQ@box=\box40
\EQ@copy=\box41
\EQ@numbox=\box42
\eq@wdNum=\dimen184
\GRP@numbox=\box43
\grp@wdNum=\dimen185
\eq@lines=\count285
\eq@curline=\count286
\eq@badness=\count287
\EQ@vims=\count288
\eq@dp=\dimen186
\eq@wdL=\dimen187
\eq@wdT=\dimen188
\eq@wdMin=\dimen189
\grp@wdL=\dimen190
\grp@wdR=\dimen191
\grp@wdT=\dimen192
\eq@wdRmax=\dimen193
\eq@firstht=\dimen194
\eq@wdCond=\dimen195
\eq@indentstep=\dimen196
\eq@linewidth=\dimen197
\grp@linewidth=\dimen198
\eq@hshift=\dimen199
\eq@given@sidespace=\dimen200
\mathindent=\dimen201
\eq@final@linecount=\count289
Normal \dimen register pool exhausted, switching to extended pool.
\eq@wdR=\dimen256
\EQ@continue=\toks25
\lr@level=\count290
\GRP@queue=\toks26
\GRP@box=\box44
\GRP@wholebox=\box45
\darraycolsep=\skip79
\cur@row=\count291
\cur@col=\count292
\conditionsep=\skip80
)
(/usr/local/texlive/2012/texmf-dist/tex/latex/algorithms/algorithm.sty
Package: algorithm 2009/08/24 v0.1 Document Style `algorithm' - floating enviro
nment

(/usr/local/texlive/2012/texmf-dist/tex/latex/float/float.sty
Package: float 2001/11/08 v1.3d Float enhancements (AL)
\c@float@type=\count293
\float@exts=\toks27
\float@box=\box46
\@float@everytoks=\toks28
\@floatcapt=\box47
)
\@float@every@algorithm=\toks29
\c@algorithm=\count294
)
(/usr/local/texlive/2012/texmf-dist/tex/latex/algorithmicx/algpseudocode.sty
Package: algpseudocode 

(/usr/local/texlive/2012/texmf-dist/tex/latex/algorithmicx/algorithmicx.sty
Package: algorithmicx 2005/04/27 v1.2 Algorithmicx

Document Style algorithmicx 1.2 - a greatly improved `algorithmic' style
\c@ALG@line=\count295
\c@ALG@rem=\count296
\c@ALG@nested=\count297
\ALG@tlm=\skip81
\ALG@thistlm=\skip82
\c@ALG@Lnr=\count298
\c@ALG@blocknr=\count299
\c@ALG@storecount=\count300
\c@ALG@tmpcounter=\count301
\ALG@tmplength=\skip83
)
Document Style - pseudocode environments for use with the `algorithmicx' style
) (/usr/local/texlive/2012/texmf-dist/tex/latex/multirow/multirow.sty
\bigstrutjot=\dimen257
)
LaTeX Info: Redefining \atan2 on input line 169.
\c@theorem=\count302

(./WebMassiveManipulate.aux)
\openout1 = `WebMassiveManipulate.aux'.

LaTeX Font Info:    Checking defaults for OML/cmm/m/it on input line 175.
LaTeX Font Info:    ... okay on input line 175.
LaTeX Font Info:    Checking defaults for T1/cmr/m/n on input line 175.
LaTeX Font Info:    ... okay on input line 175.
LaTeX Font Info:    Checking defaults for OT1/cmr/m/n on input line 175.
LaTeX Font Info:    ... okay on input line 175.
LaTeX Font Info:    Checking defaults for OMS/cmsy/m/n on input line 175.
LaTeX Font Info:    ... okay on input line 175.
LaTeX Font Info:    Checking defaults for OMX/cmex/m/n on input line 175.
LaTeX Font Info:    ... okay on input line 175.
LaTeX Font Info:    Checking defaults for U/cmr/m/n on input line 175.
LaTeX Font Info:    ... okay on input line 175.
LaTeX Font Info:    Checking defaults for PD1/pdf/m/n on input line 175.
LaTeX Font Info:    ... okay on input line 175.
\AtBeginShipoutBox=\box48
Package hyperref Info: Link coloring ON on input line 175.

(/usr/local/texlive/2012/texmf-dist/tex/latex/hyperref/nameref.sty
Package: nameref 2010/04/30 v2.40 Cross-referencing by name of section

(/usr/local/texlive/2012/texmf-dist/tex/generic/oberdiek/gettitlestring.sty
Package: gettitlestring 2010/12/03 v1.4 Cleanup title references (HO)
)
\c@section@level=\count303
)
LaTeX Info: Redefining \ref on input line 175.
LaTeX Info: Redefining \pageref on input line 175.
LaTeX Info: Redefining \nameref on input line 175.

(./WebMassiveManipulate.out) (./WebMassiveManipulate.out)
\@outlinefile=\write3
\openout3 = `WebMassiveManipulate.out'.


(/usr/local/texlive/2012/texmf-dist/tex/context/base/supp-pdf.mkii
[Loading MPS to PDF converter (version 2006.09.02).]
\scratchcounter=\count304
\scratchdimen=\dimen258
\scratchbox=\box49
\nofMPsegments=\count305
\nofMParguments=\count306
\everyMPshowfont=\toks30
\MPscratchCnt=\count307
\MPscratchDim=\dimen259
\MPnumerator=\count308
\makeMPintoPDFobject=\count309
\everyMPtoPDFconversion=\toks31
) (/usr/local/texlive/2012/texmf-dist/tex/latex/oberdiek/epstopdf-base.sty
Package: epstopdf-base 2010/02/09 v2.5 Base part for package epstopdf

(/usr/local/texlive/2012/texmf-dist/tex/latex/oberdiek/grfext.sty
Package: grfext 2010/08/19 v1.1 Manage graphics extensions (HO)
)
Package grfext Info: Graphics extension search list:
(grfext)             [.png,.pdf,.jpg,.mps,.jpeg,.jbig2,.jb2,.PNG,.PDF,.JPG,.JPE
G,.JBIG2,.JB2,.eps]
(grfext)             \AppendGraphicsExtensions on input line 452.

(/usr/local/texlive/2012/texmf-dist/tex/latex/latexconfig/epstopdf-sys.cfg
File: epstopdf-sys.cfg 2010/07/13 v1.3 Configuration of (r)epstopdf for TeX Liv
e
))
Package caption Info: Begin \AtBeginDocument code.
Package caption Info: subfig package v1.3 is loaded.
Package caption Info: End \AtBeginDocument code.
LaTeX Font Info:    Try loading font information for U+msa on input line 204.

(/usr/local/texlive/2012/texmf-dist/tex/latex/amsfonts/umsa.fd
File: umsa.fd 2009/06/22 v3.00 AMS symbols A
)
LaTeX Font Info:    Try loading font information for U+msb on input line 204.

(/usr/local/texlive/2012/texmf-dist/tex/latex/amsfonts/umsb.fd
File: umsb.fd 2009/06/22 v3.00 AMS symbols B
)
LaTeX Font Info:    Try loading font information for OT1+pcr on input line 204.


(/usr/local/texlive/2012/texmf-dist/tex/latex/psnfss/ot1pcr.fd
File: ot1pcr.fd 2001/06/04 font definitions for OT1/pcr.
)
LaTeX Font Info:    Try loading font information for OMS+pcr on input line 204.


(/usr/local/texlive/2012/texmf-dist/tex/latex/psnfss/omspcr.fd
File: omspcr.fd 
)
LaTeX Font Info:    Font shape `OMS/pcr/m/n' in size <9> not available
(Font)              Font shape `OMS/cmsy/m/n' tried instead on input line 204.
 (./intro.tex
<./pictures/pdf/VaryNum.pdf, id=161, 543.02875pt x 543.02875pt>
File: ./pictures/pdf/VaryNum.pdf Graphic file (type pdf)

<use ./pictures/pdf/VaryNum.pdf>
Package pdftex.def Info: ./pictures/pdf/VaryNum.pdf used on input line 18.
(pdftex.def)             Requested size: 78.63159pt x 78.62529pt.

<./pictures/pdf/VaryVisFS.pdf, id=162, 541.02126pt x 542.025pt>
File: ./pictures/pdf/VaryVisFS.pdf Graphic file (type pdf)

<use ./pictures/pdf/VaryVisFS.pdf>
Package pdftex.def Info: ./pictures/pdf/VaryVisFS.pdf used on input line 22.
(pdftex.def)             Requested size: 78.63159pt x 78.7777pt.

<./pictures/pdf/VaryVisMV.pdf, id=163, 542.025pt x 542.025pt>
File: ./pictures/pdf/VaryVisMV.pdf Graphic file (type pdf)

<use ./pictures/pdf/VaryVisMV.pdf>
Package pdftex.def Info: ./pictures/pdf/VaryVisMV.pdf used on input line 22.
(pdftex.def)             Requested size: 78.63159pt x 78.62881pt.

<./pictures/pdf/VaryControl.pdf, id=164, 499.8675pt x 498.86375pt>
File: ./pictures/pdf/VaryControl.pdf Graphic file (type pdf)

<use ./pictures/pdf/VaryControl.pdf>
Package pdftex.def Info: ./pictures/pdf/VaryControl.pdf used on input line 25.
(pdftex.def)             Requested size: 78.63159pt x 78.47249pt.

<./pictures/pdf/VaryNoise.pdf, id=165, 659.46375pt x 662.475pt>
File: ./pictures/pdf/VaryNoise.pdf Graphic file (type pdf)

<use ./pictures/pdf/VaryNoise.pdf>
Package pdftex.def Info: ./pictures/pdf/VaryNoise.pdf used on input line 28.
(pdftex.def)             Requested size: 78.63159pt x 78.98814pt.

<./pictures/pdf/ControlPos.pdf, id=166, 661.47125pt x 662.475pt>
File: ./pictures/pdf/ControlPos.pdf Graphic file (type pdf)

<use ./pictures/pdf/ControlPos.pdf>
Package pdftex.def Info: ./pictures/pdf/ControlPos.pdf used on input line 31.
(pdftex.def)             Requested size: 78.63159pt x 78.74553pt.
 [1{/usr/local/texlive/2012/texmf-var/fonts/map/pdftex/updmap/pdftex.map}


pdfTeX warning (ext4): destination with the same identifier (name{figure.1}) ha
s been already used, duplicate ignored

\AtBegShi@Output ...ipout \box \AtBeginShipoutBox 
                                                  \fi \fi 
l.53 
      <./pictures/pdf/VaryNum.pdf> <./pictures/pdf/VaryVisFS.pdf> <./pictures/p
df/VaryVisMV.pdf> <./pictures/pdf/VaryControl.pdf> <./pictures/pdf/VaryNoise.pd
f> <./pictures/pdf/ControlPos.pdf>]) (./relatedWork.tex
Underfull \hbox (badness 1609) in paragraph at lines 95--96
 \OT1/ptm/m/it/10 2) Sensing---large pop-u-la-tions: [][][] \OT1/ptm/m/n/10 Par
-al-lel con-trol of $\OML/cmm/m/it/10 n$
 []

) (./expMethods.tex [2]
<./pictures/pdf/timePlayed.pdf, id=269, 361.35pt x 253.09256pt>
File: ./pictures/pdf/timePlayed.pdf Graphic file (type pdf)

<use ./pictures/pdf/timePlayed.pdf>
Package pdftex.def Info: ./pictures/pdf/timePlayed.pdf used on input line 71.
(pdftex.def)             Requested size: 221.14479pt x 154.89214pt.

Underfull \hbox (badness 1728) in paragraph at lines 86--90
\OT1/ptm/m/n/10 that up to $50/month. In the event of in-creased de-
 []

[3pdfTeX warning (ext4): destination with the same identifier (name{figure.2}) 
has been already used, duplicate ignored

\AtBegShi@Output ...ipout \box \AtBeginShipoutBox 
                                                  \fi \fi 
l.90 
      <./pictures/pdf/timePlayed.pdf>]) (./expResults.tex
<./pictures/pdf/gamesPerPlayer.pdf, id=295, 361.35pt x 230.87857pt>
File: ./pictures/pdf/gamesPerPlayer.pdf Graphic file (type pdf)

<use ./pictures/pdf/gamesPerPlayer.pdf>
Package pdftex.def Info: ./pictures/pdf/gamesPerPlayer.pdf used on input line 9
.
(pdftex.def)             Requested size: 117.94363pt x 75.35875pt.

<./pictures/pdf/measureLearning.pdf, id=296, 361.35pt x 240.79561pt>
File: ./pictures/pdf/measureLearning.pdf Graphic file (type pdf)

<use ./pictures/pdf/measureLearning.pdf>
Package pdftex.def Info: ./pictures/pdf/measureLearning.pdf used on input line 
10.
(pdftex.def)             Requested size: 117.94363pt x 78.59567pt.

<./pictures/pdf/ResVaryNum.pdf, id=297, 361.35pt x 230.52423pt>
File: ./pictures/pdf/ResVaryNum.pdf Graphic file (type pdf)

<use ./pictures/pdf/ResVaryNum.pdf>
Package pdftex.def Info: ./pictures/pdf/ResVaryNum.pdf used on input line 34.
(pdftex.def)             Requested size: 245.71811pt x 156.7579pt.

<./pictures/pdf/ResVaryControl.pdf, id=300, 361.35pt x 205.10828pt>
File: ./pictures/pdf/ResVaryControl.pdf Graphic file (type pdf)

<use ./pictures/pdf/ResVaryControl.pdf>
Package pdftex.def Info: ./pictures/pdf/ResVaryControl.pdf used on input line 6
5.
(pdftex.def)             Requested size: 245.71811pt x 139.4749pt.
 [4pdfTeX warning (ext4): destination with the same identifier (name{figure.3})
 has been already used, duplicate ignored

\AtBegShi@Output ...ipout \box \AtBeginShipoutBox 
                                                  \fi \fi 
l.75 
     pdfTeX warning (ext4): destination with the same identifier (name{figure.4
}) has been already used, duplicate ignored

\AtBegShi@Output ...ipout \box \AtBeginShipoutBox 
                                                  \fi \fi 
l.75 
      <./pictures/pdf/gamesPerPlayer.pdf> <./pictures/pdf/measureLearning.pdf> 
<./pictures/pdf/ResVaryNum.pdf>]
<./pictures/pdf/ResVaryVis.pdf, id=339, 361.35pt x 209.13031pt>
File: ./pictures/pdf/ResVaryVis.pdf Graphic file (type pdf)

<use ./pictures/pdf/ResVaryVis.pdf>
Package pdftex.def Info: ./pictures/pdf/ResVaryVis.pdf used on input line 84.
(pdftex.def)             Requested size: 245.71811pt x 142.20992pt.
File: ./pictures/pdf/VaryVisFS.pdf Graphic file (type pdf)
 <use ./pictures/pdf/VaryVisFS.pdf>
Package pdftex.def Info: ./pictures/pdf/VaryVisFS.pdf used on input line 93.
(pdftex.def)             Requested size: 58.9737pt x 59.07707pt.

<./pictures/pdf/VaryVisCH.pdf, id=342, 541.02126pt x 542.025pt>
File: ./pictures/pdf/VaryVisCH.pdf Graphic file (type pdf)

<use ./pictures/pdf/VaryVisCH.pdf>
Package pdftex.def Info: ./pictures/pdf/VaryVisCH.pdf used on input line 94.
(pdftex.def)             Requested size: 58.9737pt x 59.07707pt.

<./pictures/pdf/VaryVisMv.pdf, id=343, 542.025pt x 542.025pt>
File: ./pictures/pdf/VaryVisMv.pdf Graphic file (type pdf)

<use ./pictures/pdf/VaryVisMv.pdf>
Package pdftex.def Info: ./pictures/pdf/VaryVisMv.pdf used on input line 95.
(pdftex.def)             Requested size: 58.9737pt x 58.96954pt.

<./pictures/pdf/VaryVisMe.pdf, id=344, 543.02875pt x 542.025pt>
File: ./pictures/pdf/VaryVisMe.pdf Graphic file (type pdf)

<use ./pictures/pdf/VaryVisMe.pdf>
Package pdftex.def Info: ./pictures/pdf/VaryVisMe.pdf used on input line 96.
(pdftex.def)             Requested size: 58.9737pt x 58.86203pt.

<./pictures/pdf/ResVaryNoise.pdf, id=347, 361.35pt x 234.48906pt>
File: ./pictures/pdf/ResVaryNoise.pdf Graphic file (type pdf)

<use ./pictures/pdf/ResVaryNoise.pdf>
Package pdftex.def Info: ./pictures/pdf/ResVaryNoise.pdf used on input line 120
.
(pdftex.def)             Requested size: 245.71811pt x 159.45403pt.

<./pictures/pdf/ResPositioning.pdf, id=349, 361.35pt x 239.89825pt>
File: ./pictures/pdf/ResPositioning.pdf Graphic file (type pdf)

<use ./pictures/pdf/ResPositioning.pdf>
Package pdftex.def Info: ./pictures/pdf/ResPositioning.pdf used on input line 1
32.
(pdftex.def)             Requested size: 245.71811pt x 163.1323pt.
) (./discussion.tex [5pdfTeX warning (ext4): destination with the same identifi
er (name{figure.5}) has been already used, duplicate ignored

\AtBegShi@Output ...ipout \box \AtBeginShipoutBox 
                                                  \fi \fi 
l.4 
    pdfTeX warning (ext4): destination with the same identifier (name{figure.6}
) has been already used, duplicate ignored

\AtBegShi@Output ...ipout \box \AtBeginShipoutBox 
                                                  \fi \fi 
l.4 
    pdfTeX warning (ext4): destination with the same identifier (name{figure.7}
) has been already used, duplicate ignored

\AtBegShi@Output ...ipout \box \AtBeginShipoutBox 
                                                  \fi \fi 
l.4 
     <./pictures/pdf/ResVaryControl.pdf> <./pictures/pdf/ResVaryVis.pdf> <./pic
tures/pdf/VaryVisCH.pdf> <./pictures/pdf/VaryVisMv.pdf> <./pictures/pdf/VaryVis
Me.pdf>]
<./pictures/pdf/ScreenShotBeforePlay.pdf, id=425, 835.79593pt x 617.43484pt>
File: ./pictures/pdf/ScreenShotBeforePlay.pdf Graphic file (type pdf)

<use ./pictures/pdf/ScreenShotBeforePlay.pdf>
Package pdftex.def Info: ./pictures/pdf/ScreenShotBeforePlay.pdf used on input 
line 18.
(pdftex.def)             Requested size: 245.71811pt x 181.5199pt.

Underfull \hbox (badness 10000) in paragraph at lines 18--22
[][]
 []

<./pictures/pdf/ScreenShotSuccess.pdf, id=427, 998.73125pt x 747.79375pt>
File: ./pictures/pdf/ScreenShotSuccess.pdf Graphic file (type pdf)

<use ./pictures/pdf/ScreenShotSuccess.pdf>
Package pdftex.def Info: ./pictures/pdf/ScreenShotSuccess.pdf used on input lin
e 33.
(pdftex.def)             Requested size: 245.71811pt x 183.98126pt.

Underfull \hbox (badness 10000) in paragraph at lines 33--37
[][]
 []

[6pdfTeX warning (ext4): destination with the same identifier (name{figure.8}) 
has been already used, duplicate ignored

\AtBegShi@Output ...ipout \box \AtBeginShipoutBox 
                                                  \fi \fi 
l.44 
     pdfTeX warning (ext4): destination with the same identifier (name{figure.9
}) has been already used, duplicate ignored

\AtBegShi@Output ...ipout \box \AtBeginShipoutBox 
                                                  \fi \fi 
l.44 
     pdfTeX warning (ext4): destination with the same identifier (name{figure.1
0}) has been already used, duplicate ignored

\AtBegShi@Output ...ipout \box \AtBeginShipoutBox 
                                                  \fi \fi 
l.44 
     pdfTeX warning (ext4): destination with the same identifier (name{figure.1
1}) has been already used, duplicate ignored

\AtBegShi@Output ...ipout \box \AtBeginShipoutBox 
                                                  \fi \fi 
l.44 
      <./pictures/pdf/ResVaryNoise.pdf> <./pictures/pdf/ResPositioning.pdf> <./
pictures/pdf/ScreenShotBeforePlay.pdf> <./pictures/pdf/ScreenShotSuccess.pdf>]
<./pictures/pdf/Browsers.pdf, id=486, 682.19026pt x 307.96446pt>
File: ./pictures/pdf/Browsers.pdf Graphic file (type pdf)

<use ./pictures/pdf/Browsers.pdf>
Package pdftex.def Info: ./pictures/pdf/Browsers.pdf used on input line 55.
(pdftex.def)             Requested size: 245.71811pt x 110.92351pt.

Underfull \hbox (badness 10000) in paragraph at lines 55--59
[][]
 []

) (./conclusion.tex
<./pictures/pdf/Worldbrowsing.pdf, id=493, 638.518pt x 422.41585pt>
File: ./pictures/pdf/Worldbrowsing.pdf Graphic file (type pdf)

<use ./pictures/pdf/Worldbrowsing.pdf>
Package pdftex.def Info: ./pictures/pdf/Worldbrowsing.pdf used on input line 8.

(pdftex.def)             Requested size: 117.94363pt x 78.02324pt.

<./pictures/pdf/USbrowsing.pdf, id=494, 603.8814pt x 371.21385pt>
File: ./pictures/pdf/USbrowsing.pdf Graphic file (type pdf)

<use ./pictures/pdf/USbrowsing.pdf>
Package pdftex.def Info: ./pictures/pdf/USbrowsing.pdf used on input line 9.
(pdftex.def)             Requested size: 117.94363pt x 72.49686pt.
 [7pdfTeX warning (ext4): destination with the same identifier (name{figure.12}
) has been already used, duplicate ignored

\AtBegShi@Output ...ipout \box \AtBeginShipoutBox 
                                                  \fi \fi 
l.24 
     pdfTeX warning (ext4): destination with the same identifier (name{figure.1
3}) has been already used, duplicate ignored

\AtBegShi@Output ...ipout \box \AtBeginShipoutBox 
                                                  \fi \fi 
l.24 
      <./pictures/pdf/Browsers.pdf> <./pictures/pdf/Worldbrowsing.pdf> <./pictu
res/pdf/USbrowsing.pdf>]) (./WebMassiveManipulate.bbl)

** Conference Paper **
Before submitting the final camera ready copy, remember to:

 1. Manually equalize the lengths of two columns on the last page
 of your paper;

 2. Ensure that any PostScript and/or PDF output post-processing
 uses only Type 1 fonts and that every step in the generation
 process uses the US letter (8.5in X 11in) paper size.

Package atveryend Info: Empty hook `BeforeClearDocument' on input line 295.
[8]
Package atveryend Info: Empty hook `AfterLastShipout' on input line 295.
 (./WebMassiveManipulate.aux)
Package atveryend Info: Executing hook `AtVeryEndDocument' on input line 295.
Package atveryend Info: Executing hook `AtEndAfterFileList' on input line 295.
Package rerunfilecheck Info: File `WebMassiveManipulate.out' has not changed.
(rerunfilecheck)             Checksum: CCE19E747C6023DF0E06CAA8E3B214F8;2735.


LaTeX Warning: Label(s) may have changed. Rerun to get cross-references right.

Package atveryend Info: Empty hook `AtVeryVeryEnd' on input line 295.
 ) 
Here is how much of TeX's memory you used:
 14116 strings out of 493488
 222940 string characters out of 3141326
 312108 words of memory out of 3000000
 17074 multiletter control sequences out of 15000+200000
 42678 words of font info for 90 fonts, out of 3000000 for 9000
 957 hyphenation exceptions out of 8191
 36i,10n,46p,1300b,377s stack positions out of 5000i,500n,10000p,200000b,50000s
{/usr/local/texlive/2012/texmf-dist/fonts/enc/dvips/base/8r.enc}</usr/local/t
exlive/2012/texmf-dist/fonts/type1/public/amsfonts/cm/cmmi10.pfb></usr/local/te
xlive/2012/texmf-dist/fonts/type1/public/amsfonts/cm/cmmi7.pfb></usr/local/texl
ive/2012/texmf-dist/fonts/type1/public/amsfonts/cm/cmr10.pfb></usr/local/texliv
e/2012/texmf-dist/fonts/type1/public/amsfonts/cm/cmr7.pfb></usr/local/texlive/2
012/texmf-dist/fonts/type1/public/amsfonts/cm/cmsy10.pfb></usr/local/texlive/20
12/texmf-dist/fonts/type1/public/amsfonts/cm/cmsy9.pfb></usr/local/texlive/2012
/texmf-dist/fonts/type1/urw/courier/ucrr8a.pfb></usr/local/texlive/2012/texmf-d
ist/fonts/type1/urw/times/utmb8a.pfb></usr/local/texlive/2012/texmf-dist/fonts/
type1/urw/times/utmbi8a.pfb></usr/local/texlive/2012/texmf-dist/fonts/type1/urw
/times/utmr8a.pfb></usr/local/texlive/2012/texmf-dist/fonts/type1/urw/times/utm
ri8a.pfb>
Output written on WebMassiveManipulate.pdf (8 pages, 2058694 bytes).
PDF statistics:
 638 PDF objects out of 1000 (max. 8388607)
 532 compressed objects within 6 object streams
 94 named destinations out of 1000 (max. 500000)
 423 words of extra memory for PDF output out of 10000 (max. 10000000)

