\BOOKMARK [1][-]{section.1}{Introduction}{}% 1
\BOOKMARK [1][-]{section.2}{Related Work}{}% 2
\BOOKMARK [2][-]{subsection.2.1}{Human-Swarm Interaction}{section.2}% 3
\BOOKMARK [2][-]{subsection.2.2}{Global-control of micro- and nanorobots}{section.2}% 4
\BOOKMARK [2][-]{subsection.2.3}{Three challenges for massive manipulation}{section.2}% 5
\BOOKMARK [3][-]{subsubsection.2.3.1}{Control\204global inputs}{subsection.2.3}% 6
\BOOKMARK [3][-]{subsubsection.2.3.2}{Sensing\204large populations}{subsection.2.3}% 7
\BOOKMARK [3][-]{subsubsection.2.3.3}{Computation\204calculating the control law}{subsection.2.3}% 8
\BOOKMARK [1][-]{section.3}{Experimental Methods}{}% 9
\BOOKMARK [2][-]{subsection.3.1}{Framework}{section.3}% 10
\BOOKMARK [3][-]{subsubsection.3.1.1}{Overview}{subsection.3.1}% 11
\BOOKMARK [3][-]{subsubsection.3.1.2}{Backend}{subsection.3.1}% 12
\BOOKMARK [3][-]{subsubsection.3.1.3}{Frontend}{subsection.3.1}% 13
\BOOKMARK [2][-]{subsection.3.2}{Human subjects}{section.3}% 14
\BOOKMARK [2][-]{subsection.3.3}{Experimental costs}{section.3}% 15
\BOOKMARK [2][-]{subsection.3.4}{Instrumentation}{section.3}% 16
\BOOKMARK [1][-]{section.4}{Results}{}% 17
\BOOKMARK [2][-]{subsection.4.1}{Varying Number}{section.4}% 18
\BOOKMARK [2][-]{subsection.4.2}{Varying Control}{section.4}% 19
\BOOKMARK [2][-]{subsection.4.3}{Varying Visualization}{section.4}% 20
\BOOKMARK [2][-]{subsection.4.4}{Varying Noise}{section.4}% 21
\BOOKMARK [2][-]{subsection.4.5}{Position Control}{section.4}% 22
\BOOKMARK [1][-]{section.5}{Conclusion and Future Work}{}% 23
\BOOKMARK [1][-]{section.6}{Acknowledgements}{}% 24
\BOOKMARK [1][-]{section*.1}{References}{}% 25
